{
  "stats": {
    "suites": 1,
    "tests": 4,
    "passes": 4,
    "pending": 0,
    "failures": 0,
    "start": "2024-12-10T19:30:37.403Z",
    "end": "2024-12-10T19:30:38.196Z",
    "duration": 793,
    "testsRegistered": 4,
    "passPercent": 100,
    "pendingPercent": 0,
    "other": 0,
    "hasOther": false,
    "skipped": 0,
    "hasSkipped": false
  },
  "results": [
    {
      "uuid": "63ee845e-594e-4a50-9c30-9aec8b63dba2",
      "title": "",
      "fullFile": "cypress\\e2e\\APITesting\\HTTPRequest.cy.js",
      "file": "cypress\\e2e\\APITesting\\HTTPRequest.cy.js",
      "beforeHooks": [],
      "afterHooks": [],
      "tests": [],
      "suites": [
        {
          "uuid": "eb1a60c7-e50d-4de5-ad62-080490f99b0e",
          "title": "HTTP Requests",
          "fullFile": "",
          "file": "",
          "beforeHooks": [],
          "afterHooks": [],
          "tests": [
            {
              "title": "Get Call",
              "fullTitle": "HTTP Requests Get Call",
              "timedOut": null,
              "duration": 111,
              "state": "passed",
              "speed": "fast",
              "pass": true,
              "fail": false,
              "pending": false,
              "context": null,
              "code": "cy.request('GET', 'https://jsonplaceholder.typicode.com/posts/1').its('status').should('equal', 200);",
              "err": {},
              "uuid": "d3014a9a-d29d-4098-be58-02c7bc165fc0",
              "parentUUID": "eb1a60c7-e50d-4de5-ad62-080490f99b0e",
              "isHook": false,
              "skipped": false
            },
            {
              "title": "Post Call",
              "fullTitle": "HTTP Requests Post Call",
              "timedOut": null,
              "duration": 133,
              "state": "passed",
              "speed": "fast",
              "pass": true,
              "fail": false,
              "pending": false,
              "context": null,
              "code": "cy.request({\n  method: 'POSt',\n  url: 'https://jsonplaceholder.typicode.com/posts',\n  body: {\n    title: 'Test post',\n    body: 'This is post call',\n    userId: 1\n  }\n}).its('status').should('equal', 201);",
              "err": {},
              "uuid": "f1c27920-328d-42f9-944f-680b82d45c9e",
              "parentUUID": "eb1a60c7-e50d-4de5-ad62-080490f99b0e",
              "isHook": false,
              "skipped": false
            },
            {
              "title": "Put Call",
              "fullTitle": "HTTP Requests Put Call",
              "timedOut": null,
              "duration": 308,
              "state": "passed",
              "speed": "fast",
              "pass": true,
              "fail": false,
              "pending": false,
              "context": null,
              "code": "cy.request({\n  method: 'PUT',\n  url: 'https://jsonplaceholder.typicode.com/posts/1',\n  body: {\n    title: 'Test put',\n    body: 'This is put call',\n    userId: 1,\n    id: 1\n  }\n}).its('status').should('equal', 200);",
              "err": {},
              "uuid": "5e9f50f0-91ac-4b80-9a2b-42f97371ab49",
              "parentUUID": "eb1a60c7-e50d-4de5-ad62-080490f99b0e",
              "isHook": false,
              "skipped": false
            },
            {
              "title": "Delete Call",
              "fullTitle": "HTTP Requests Delete Call",
              "timedOut": null,
              "duration": 135,
              "state": "passed",
              "speed": "fast",
              "pass": true,
              "fail": false,
              "pending": false,
              "context": null,
              "code": "cy.request({\n  method: 'DELETE',\n  url: 'https://jsonplaceholder.typicode.com/posts/1'\n}).its('status').should('equal', 200);",
              "err": {},
              "uuid": "9715d3ad-351b-4065-a9a8-6dab500085d0",
              "parentUUID": "eb1a60c7-e50d-4de5-ad62-080490f99b0e",
              "isHook": false,
              "skipped": false
            }
          ],
          "suites": [],
          "passes": [
            "d3014a9a-d29d-4098-be58-02c7bc165fc0",
            "f1c27920-328d-42f9-944f-680b82d45c9e",
            "5e9f50f0-91ac-4b80-9a2b-42f97371ab49",
            "9715d3ad-351b-4065-a9a8-6dab500085d0"
          ],
          "failures": [],
          "pending": [],
          "skipped": [],
          "duration": 687,
          "root": false,
          "rootEmpty": false,
          "_timeout": 2000
        }
      ],
      "passes": [],
      "failures": [],
      "pending": [],
      "skipped": [],
      "duration": 0,
      "root": true,
      "rootEmpty": true,
      "_timeout": 2000
    }
  ],
  "meta": {
    "mocha": {
      "version": "7.0.1"
    },
    "mochawesome": {
      "options": {
        "quiet": false,
        "reportFilename": "mochawesome",
        "saveHtml": true,
        "saveJson": true,
        "consoleReporter": "spec",
        "useInlineDiffs": false,
        "code": true
      },
      "version": "7.1.3"
    },
    "marge": {
      "options": {
        "reportDir": "cypress/reports",
        "overwrite": false,
        "html": true,
        "json": true
      },
      "version": "6.2.0"
    }
  }
}