{
  "stats": {
    "suites": 1,
    "tests": 3,
    "passes": 3,
    "pending": 0,
    "failures": 0,
    "start": "2024-12-10T19:07:53.408Z",
    "end": "2024-12-10T19:07:54.790Z",
    "duration": 1382,
    "testsRegistered": 3,
    "passPercent": 100,
    "pendingPercent": 0,
    "other": 0,
    "hasOther": false,
    "skipped": 0,
    "hasSkipped": false
  },
  "results": [
    {
      "uuid": "49ea3882-43ff-4480-99b7-56a1ec9710c6",
      "title": "",
      "fullFile": "cypress\\e2e\\APITesting\\Authentication.cy.js",
      "file": "cypress\\e2e\\APITesting\\Authentication.cy.js",
      "beforeHooks": [],
      "afterHooks": [],
      "tests": [],
      "suites": [
        {
          "uuid": "372faa4d-0132-42ef-87e1-9fd8c567c9f9",
          "title": "Authentication",
          "fullFile": "",
          "file": "",
          "beforeHooks": [],
          "afterHooks": [],
          "tests": [
            {
              "title": "basic Authentication",
              "fullTitle": "Authentication basic Authentication",
              "timedOut": null,
              "duration": 614,
              "state": "passed",
              "speed": "fast",
              "pass": true,
              "fail": false,
              "pending": false,
              "context": null,
              "code": "cy.request({\n  method: 'GET',\n  url: 'https://postman-echo.com/basic-auth',\n  auth: {\n    user: 'postman',\n    pass: 'password'\n  }\n}).then(response => {\n  expect(response.status).to.eq(200);\n  expect(response.body.authenticated).to.eq(true);\n});",
              "err": {},
              "uuid": "576aa8db-17ed-4f8b-8608-77204648164a",
              "parentUUID": "372faa4d-0132-42ef-87e1-9fd8c567c9f9",
              "isHook": false,
              "skipped": false
            },
            {
              "title": "Digest Authentication",
              "fullTitle": "Authentication Digest Authentication",
              "timedOut": null,
              "duration": 137,
              "state": "passed",
              "speed": "fast",
              "pass": true,
              "fail": false,
              "pending": false,
              "context": null,
              "code": "cy.request({\n  method: 'GET',\n  url: 'https://postman-echo.com/basic-auth',\n  auth: {\n    username: 'postman',\n    password: 'password',\n    method: 'degest'\n  }\n}).then(response => {\n  expect(response.status).to.eq(200);\n  expect(response.body.authenticated).to.eq(true);\n});",
              "err": {},
              "uuid": "10152e5f-2b8e-4e25-9830-c0c68fb45ae9",
              "parentUUID": "372faa4d-0132-42ef-87e1-9fd8c567c9f9",
              "isHook": false,
              "skipped": false
            },
            {
              "title": "BearerToken Auth",
              "fullTitle": "Authentication BearerToken Auth",
              "timedOut": null,
              "duration": 515,
              "state": "passed",
              "speed": "fast",
              "pass": true,
              "fail": false,
              "pending": false,
              "context": null,
              "code": "cy.request({\n  method: 'GET',\n  url: 'https://api.github.com/user/repos',\n  headers: {\n    Authorization: `Bearer ${Token}`\n  }\n}).then(response => {\n  expect(response.status).to.eq(200);\n});",
              "err": {},
              "uuid": "5976fb41-e11a-4617-abc6-bd87f5b40efc",
              "parentUUID": "372faa4d-0132-42ef-87e1-9fd8c567c9f9",
              "isHook": false,
              "skipped": false
            }
          ],
          "suites": [],
          "passes": [
            "576aa8db-17ed-4f8b-8608-77204648164a",
            "10152e5f-2b8e-4e25-9830-c0c68fb45ae9",
            "5976fb41-e11a-4617-abc6-bd87f5b40efc"
          ],
          "failures": [],
          "pending": [],
          "skipped": [],
          "duration": 1266,
          "root": false,
          "rootEmpty": false,
          "_timeout": 2000
        }
      ],
      "passes": [],
      "failures": [],
      "pending": [],
      "skipped": [],
      "duration": 0,
      "root": true,
      "rootEmpty": true,
      "_timeout": 2000
    }
  ],
  "meta": {
    "mocha": {
      "version": "7.0.1"
    },
    "mochawesome": {
      "options": {
        "quiet": false,
        "reportFilename": "mochawesome",
        "saveHtml": true,
        "saveJson": true,
        "consoleReporter": "spec",
        "useInlineDiffs": false,
        "code": true
      },
      "version": "7.1.3"
    },
    "marge": {
      "options": {
        "reportDir": "cypress/reports",
        "overwrite": false,
        "html": true,
        "json": true
      },
      "version": "6.2.0"
    }
  }
}