{
  "stats": {
    "suites": 1,
    "tests": 1,
    "passes": 1,
    "pending": 0,
    "failures": 0,
    "start": "2024-12-12T22:19:38.126Z",
    "end": "2024-12-12T22:19:38.271Z",
    "duration": 145,
    "testsRegistered": 1,
    "passPercent": 100,
    "pendingPercent": 0,
    "other": 0,
    "hasOther": false,
    "skipped": 0,
    "hasSkipped": false
  },
  "results": [
    {
      "uuid": "747715c2-5894-419f-afca-751a012aa453",
      "title": "",
      "fullFile": "cypress\\e2e\\APITesting\\QueryParams.cy.js",
      "file": "cypress\\e2e\\APITesting\\QueryParams.cy.js",
      "beforeHooks": [],
      "afterHooks": [],
      "tests": [],
      "suites": [
        {
          "uuid": "5d24db46-833b-410a-b790-8969cda9979a",
          "title": "API testing",
          "fullFile": "",
          "file": "",
          "beforeHooks": [],
          "afterHooks": [],
          "tests": [
            {
              "title": "Passing Query parameters",
              "fullTitle": "API testing Passing Query parameters",
              "timedOut": null,
              "duration": 109,
              "state": "passed",
              "speed": "fast",
              "pass": true,
              "fail": false,
              "pending": false,
              "context": null,
              "code": "cy.request({\n  method: 'GET',\n  url: 'https://reqres.in/api/users',\n  qs: queryParam //queryParametre est pour que le url sera dans cette forme : https://reqres.in/api/users?page=2\n}).then(response => {\n  expect(response.status).to.eq(200);\n  expect(response.status).equal(200);\n  expect(response.body.page).to.eq(2);\n  expect(response.body.data).has.length(6);\n  expect(response.body.data[0]).have.property('id', 7);\n  expect(response.body.data[0]).has.property('first_name', 'Michael');\n});",
              "err": {},
              "uuid": "27af0864-e34c-41ab-a03c-81082b1c4c42",
              "parentUUID": "5d24db46-833b-410a-b790-8969cda9979a",
              "isHook": false,
              "skipped": false
            }
          ],
          "suites": [],
          "passes": [
            "27af0864-e34c-41ab-a03c-81082b1c4c42"
          ],
          "failures": [],
          "pending": [],
          "skipped": [],
          "duration": 109,
          "root": false,
          "rootEmpty": false,
          "_timeout": 2000
        }
      ],
      "passes": [],
      "failures": [],
      "pending": [],
      "skipped": [],
      "duration": 0,
      "root": true,
      "rootEmpty": true,
      "_timeout": 2000
    }
  ],
  "meta": {
    "mocha": {
      "version": "7.0.1"
    },
    "mochawesome": {
      "options": {
        "quiet": false,
        "reportFilename": "mochawesome",
        "saveHtml": true,
        "saveJson": true,
        "consoleReporter": "spec",
        "useInlineDiffs": false,
        "code": true
      },
      "version": "7.1.3"
    },
    "marge": {
      "options": {
        "reportDir": "cypress/reports",
        "overwrite": false,
        "html": true,
        "json": true
      },
      "version": "6.2.0"
    }
  }
}