{
  "stats": {
    "suites": 1,
    "tests": 2,
    "passes": 2,
    "pending": 0,
    "failures": 0,
    "start": "2024-12-12T21:53:20.782Z",
    "end": "2024-12-12T21:53:21.482Z",
    "duration": 700,
    "testsRegistered": 2,
    "passPercent": 100,
    "pendingPercent": 0,
    "other": 0,
    "hasOther": false,
    "skipped": 0,
    "hasSkipped": false
  },
  "results": [
    {
      "uuid": "83fb9c0d-b63b-4c4a-854e-f25e2dbfd26c",
      "title": "",
      "fullFile": "cypress\\e2e\\APITesting\\Authentication.cy.js",
      "file": "cypress\\e2e\\APITesting\\Authentication.cy.js",
      "beforeHooks": [],
      "afterHooks": [],
      "tests": [],
      "suites": [
        {
          "uuid": "673b1840-d0a8-41b5-a23e-a8a2028c99d3",
          "title": "Authentication",
          "fullFile": "",
          "file": "",
          "beforeHooks": [],
          "afterHooks": [],
          "tests": [
            {
              "title": "basic Authentication",
              "fullTitle": "Authentication basic Authentication",
              "timedOut": null,
              "duration": 524,
              "state": "passed",
              "speed": "fast",
              "pass": true,
              "fail": false,
              "pending": false,
              "context": null,
              "code": "cy.request({\n  method: 'GET',\n  url: 'https://postman-echo.com/basic-auth',\n  auth: {\n    user: 'postman',\n    pass: 'password'\n  }\n}).then(response => {\n  expect(response.status).to.eq(200);\n  expect(response.body.authenticated).to.eq(true);\n});",
              "err": {},
              "uuid": "b1947e1d-28fd-44b8-99e9-effdfd98f38f",
              "parentUUID": "673b1840-d0a8-41b5-a23e-a8a2028c99d3",
              "isHook": false,
              "skipped": false
            },
            {
              "title": "Digest Authentication",
              "fullTitle": "Authentication Digest Authentication",
              "timedOut": null,
              "duration": 124,
              "state": "passed",
              "speed": "fast",
              "pass": true,
              "fail": false,
              "pending": false,
              "context": null,
              "code": "cy.request({\n  method: 'GET',\n  url: 'https://postman-echo.com/basic-auth',\n  auth: {\n    username: 'postman',\n    password: 'password',\n    method: 'degest'\n  }\n}).then(response => {\n  expect(response.status).to.eq(200);\n  expect(response.body.authenticated).to.eq(true);\n});",
              "err": {},
              "uuid": "e2cfa1a4-0cb9-4661-8895-4cdc5983f0aa",
              "parentUUID": "673b1840-d0a8-41b5-a23e-a8a2028c99d3",
              "isHook": false,
              "skipped": false
            }
          ],
          "suites": [],
          "passes": [
            "b1947e1d-28fd-44b8-99e9-effdfd98f38f",
            "e2cfa1a4-0cb9-4661-8895-4cdc5983f0aa"
          ],
          "failures": [],
          "pending": [],
          "skipped": [],
          "duration": 648,
          "root": false,
          "rootEmpty": false,
          "_timeout": 2000
        }
      ],
      "passes": [],
      "failures": [],
      "pending": [],
      "skipped": [],
      "duration": 0,
      "root": true,
      "rootEmpty": true,
      "_timeout": 2000
    }
  ],
  "meta": {
    "mocha": {
      "version": "7.0.1"
    },
    "mochawesome": {
      "options": {
        "quiet": false,
        "reportFilename": "mochawesome",
        "saveHtml": true,
        "saveJson": true,
        "consoleReporter": "spec",
        "useInlineDiffs": false,
        "code": true
      },
      "version": "7.1.3"
    },
    "marge": {
      "options": {
        "reportDir": "cypress/reports",
        "overwrite": false,
        "html": true,
        "json": true
      },
      "version": "6.2.0"
    }
  }
}