{
  "stats": {
    "suites": 1,
    "tests": 4,
    "passes": 4,
    "pending": 0,
    "failures": 0,
    "start": "2024-12-10T19:06:12.393Z",
    "end": "2024-12-10T19:06:13.155Z",
    "duration": 762,
    "testsRegistered": 4,
    "passPercent": 100,
    "pendingPercent": 0,
    "other": 0,
    "hasOther": false,
    "skipped": 0,
    "hasSkipped": false
  },
  "results": [
    {
      "uuid": "7e7ca884-6610-4844-90dd-e3b24245e501",
      "title": "",
      "fullFile": "cypress\\e2e\\APITesting\\HTTPRequest.cy.js",
      "file": "cypress\\e2e\\APITesting\\HTTPRequest.cy.js",
      "beforeHooks": [],
      "afterHooks": [],
      "tests": [],
      "suites": [
        {
          "uuid": "3ceb3d6d-70f7-45c7-b68f-ac127a0f0541",
          "title": "HTTP Requests",
          "fullFile": "",
          "file": "",
          "beforeHooks": [],
          "afterHooks": [],
          "tests": [
            {
              "title": "Get Call",
              "fullTitle": "HTTP Requests Get Call",
              "timedOut": null,
              "duration": 103,
              "state": "passed",
              "speed": "fast",
              "pass": true,
              "fail": false,
              "pending": false,
              "context": null,
              "code": "cy.request('GET', 'https://jsonplaceholder.typicode.com/posts/1').its('status').should('equal', 200);",
              "err": {},
              "uuid": "7c6987f9-423f-4ed7-936e-223e449129d3",
              "parentUUID": "3ceb3d6d-70f7-45c7-b68f-ac127a0f0541",
              "isHook": false,
              "skipped": false
            },
            {
              "title": "Post Call",
              "fullTitle": "HTTP Requests Post Call",
              "timedOut": null,
              "duration": 134,
              "state": "passed",
              "speed": "fast",
              "pass": true,
              "fail": false,
              "pending": false,
              "context": null,
              "code": "cy.request({\n  method: 'POSt',\n  url: 'https://jsonplaceholder.typicode.com/posts',\n  body: {\n    title: 'Test post',\n    body: 'This is post call',\n    userId: 1\n  }\n}).its('status').should('equal', 201);",
              "err": {},
              "uuid": "40e35de5-8d07-4b33-a6e2-cffab6060113",
              "parentUUID": "3ceb3d6d-70f7-45c7-b68f-ac127a0f0541",
              "isHook": false,
              "skipped": false
            },
            {
              "title": "Put Call",
              "fullTitle": "HTTP Requests Put Call",
              "timedOut": null,
              "duration": 302,
              "state": "passed",
              "speed": "fast",
              "pass": true,
              "fail": false,
              "pending": false,
              "context": null,
              "code": "cy.request({\n  method: 'PUT',\n  url: 'https://jsonplaceholder.typicode.com/posts/1',\n  body: {\n    title: 'Test put',\n    body: 'This is put call',\n    userId: 1,\n    id: 1\n  }\n}).its('status').should('equal', 200);",
              "err": {},
              "uuid": "69ab46e1-1c79-44d3-8a74-c4671cc1fa84",
              "parentUUID": "3ceb3d6d-70f7-45c7-b68f-ac127a0f0541",
              "isHook": false,
              "skipped": false
            },
            {
              "title": "Delete Call",
              "fullTitle": "HTTP Requests Delete Call",
              "timedOut": null,
              "duration": 126,
              "state": "passed",
              "speed": "fast",
              "pass": true,
              "fail": false,
              "pending": false,
              "context": null,
              "code": "cy.request({\n  method: 'DELETE',\n  url: 'https://jsonplaceholder.typicode.com/posts/1'\n}).its('status').should('equal', 200);",
              "err": {},
              "uuid": "12088949-eca6-425d-af14-b56c3e0685c5",
              "parentUUID": "3ceb3d6d-70f7-45c7-b68f-ac127a0f0541",
              "isHook": false,
              "skipped": false
            }
          ],
          "suites": [],
          "passes": [
            "7c6987f9-423f-4ed7-936e-223e449129d3",
            "40e35de5-8d07-4b33-a6e2-cffab6060113",
            "69ab46e1-1c79-44d3-8a74-c4671cc1fa84",
            "12088949-eca6-425d-af14-b56c3e0685c5"
          ],
          "failures": [],
          "pending": [],
          "skipped": [],
          "duration": 665,
          "root": false,
          "rootEmpty": false,
          "_timeout": 2000
        }
      ],
      "passes": [],
      "failures": [],
      "pending": [],
      "skipped": [],
      "duration": 0,
      "root": true,
      "rootEmpty": true,
      "_timeout": 2000
    }
  ],
  "meta": {
    "mocha": {
      "version": "7.0.1"
    },
    "mochawesome": {
      "options": {
        "quiet": false,
        "reportFilename": "mochawesome",
        "saveHtml": true,
        "saveJson": true,
        "consoleReporter": "spec",
        "useInlineDiffs": false,
        "code": true
      },
      "version": "7.1.3"
    },
    "marge": {
      "options": {
        "reportDir": "cypress/reports",
        "overwrite": false,
        "html": true,
        "json": true
      },
      "version": "6.2.0"
    }
  }
}