{
  "stats": {
    "suites": 1,
    "tests": 1,
    "passes": 1,
    "pending": 0,
    "failures": 0,
    "start": "2024-12-12T21:52:45.588Z",
    "end": "2024-12-12T21:52:47.371Z",
    "duration": 1783,
    "testsRegistered": 1,
    "passPercent": 100,
    "pendingPercent": 0,
    "other": 0,
    "hasOther": false,
    "skipped": 0,
    "hasSkipped": false
  },
  "results": [
    {
      "uuid": "73076fb5-f49d-4eac-83c0-ee11c1a9a637",
      "title": "",
      "fullFile": "cypress\\e2e\\APITesting\\HeadersAndCookies.cy.js",
      "file": "cypress\\e2e\\APITesting\\HeadersAndCookies.cy.js",
      "beforeHooks": [],
      "afterHooks": [],
      "tests": [],
      "suites": [
        {
          "uuid": "fd1c0b34-773f-43ef-bcc1-d4c944d8c512",
          "title": "API testing",
          "fullFile": "",
          "file": "",
          "beforeHooks": [],
          "afterHooks": [],
          "tests": [
            {
              "title": "Fetching teh orders",
              "fullTitle": "API testing Fetching teh orders",
              "timedOut": null,
              "duration": 1743,
              "state": "passed",
              "speed": "fast",
              "pass": true,
              "fail": false,
              "pending": false,
              "context": null,
              "code": "cy.request({\n  method: 'GET',\n  url: 'https://simple-books-api.glitch.me/orders',\n  headers: {\n    'Content-Type': 'application/json',\n    'Authorization': `Bearer ${authToken}`\n  },\n  cookies: {\n    'cookieName': 'mycookie'\n  }\n}).then(response => {\n  expect(response.status).to.eql(200);\n  expect(response.body).has.length(1);\n});",
              "err": {},
              "uuid": "2f3cc058-8adb-408b-8502-02f4e11198fe",
              "parentUUID": "fd1c0b34-773f-43ef-bcc1-d4c944d8c512",
              "isHook": false,
              "skipped": false
            }
          ],
          "suites": [],
          "passes": [
            "2f3cc058-8adb-408b-8502-02f4e11198fe"
          ],
          "failures": [],
          "pending": [],
          "skipped": [],
          "duration": 1743,
          "root": false,
          "rootEmpty": false,
          "_timeout": 2000
        }
      ],
      "passes": [],
      "failures": [],
      "pending": [],
      "skipped": [],
      "duration": 0,
      "root": true,
      "rootEmpty": true,
      "_timeout": 2000
    }
  ],
  "meta": {
    "mocha": {
      "version": "7.0.1"
    },
    "mochawesome": {
      "options": {
        "quiet": false,
        "reportFilename": "mochawesome",
        "saveHtml": true,
        "saveJson": true,
        "consoleReporter": "spec",
        "useInlineDiffs": false,
        "code": true
      },
      "version": "7.1.3"
    },
    "marge": {
      "options": {
        "reportDir": "cypress/reports",
        "overwrite": false,
        "html": true,
        "json": true
      },
      "version": "6.2.0"
    }
  }
}