{
  "stats": {
    "suites": 1,
    "tests": 1,
    "passes": 1,
    "pending": 0,
    "failures": 0,
    "start": "2024-12-10T19:08:14.812Z",
    "end": "2024-12-10T19:08:15.061Z",
    "duration": 249,
    "testsRegistered": 1,
    "passPercent": 100,
    "pendingPercent": 0,
    "other": 0,
    "hasOther": false,
    "skipped": 0,
    "hasSkipped": false
  },
  "results": [
    {
      "uuid": "9b2676ff-36e3-4244-a1a9-dd5ad2f1c78f",
      "title": "",
      "fullFile": "cypress\\e2e\\APITesting\\PostCalls.cy.js",
      "file": "cypress\\e2e\\APITesting\\PostCalls.cy.js",
      "beforeHooks": [],
      "afterHooks": [],
      "tests": [],
      "suites": [
        {
          "uuid": "2b3c3c15-b37a-420e-b43e-a867fefa9955",
          "title": "api testing",
          "fullFile": "",
          "file": "",
          "beforeHooks": [],
          "afterHooks": [],
          "tests": [
            {
              "title": "Appraoch3-using fixture",
              "fullTitle": "api testing Appraoch3-using fixture",
              "timedOut": null,
              "duration": 217,
              "state": "passed",
              "speed": "fast",
              "pass": true,
              "fail": false,
              "pending": false,
              "context": null,
              "code": "cy.fixture('tourist').then(myfixture => {\n  const requestBody = myfixture;\n  cy.request({\n    method: 'POST',\n    url: 'https://jsonplaceholder.typicode.com/posts',\n    body: requestBody\n  }).then(response => {\n    expect(response.status).to.equal(201);\n    expect(response.body.title).to.equal(requestBody.title);\n    expect(response.body.body).to.equal(requestBody.body);\n    expect(response.body.userId).to.equal(requestBody.userId);\n    // autre validation\n    expect(response.body).has.property('title', requestBody.title);\n    expect(response.body).to.have.property('body', requestBody.body);\n  });\n});",
              "err": {},
              "uuid": "1873bf41-a901-4fa5-a93a-b5c46f7dd402",
              "parentUUID": "2b3c3c15-b37a-420e-b43e-a867fefa9955",
              "isHook": false,
              "skipped": false
            }
          ],
          "suites": [],
          "passes": [
            "1873bf41-a901-4fa5-a93a-b5c46f7dd402"
          ],
          "failures": [],
          "pending": [],
          "skipped": [],
          "duration": 217,
          "root": false,
          "rootEmpty": false,
          "_timeout": 2000
        }
      ],
      "passes": [],
      "failures": [],
      "pending": [],
      "skipped": [],
      "duration": 0,
      "root": true,
      "rootEmpty": true,
      "_timeout": 2000
    }
  ],
  "meta": {
    "mocha": {
      "version": "7.0.1"
    },
    "mochawesome": {
      "options": {
        "quiet": false,
        "reportFilename": "mochawesome",
        "saveHtml": true,
        "saveJson": true,
        "consoleReporter": "spec",
        "useInlineDiffs": false,
        "code": true
      },
      "version": "7.1.3"
    },
    "marge": {
      "options": {
        "reportDir": "cypress/reports",
        "overwrite": false,
        "html": true,
        "json": true
      },
      "version": "6.2.0"
    }
  }
}