{
  "stats": {
    "suites": 1,
    "tests": 4,
    "passes": 2,
    "pending": 0,
    "failures": 2,
    "start": "2024-12-12T21:43:32.821Z",
    "end": "2024-12-12T21:43:34.849Z",
    "duration": 2028,
    "testsRegistered": 4,
    "passPercent": 50,
    "pendingPercent": 0,
    "other": 0,
    "hasOther": false,
    "skipped": 0,
    "hasSkipped": false
  },
  "results": [
    {
      "uuid": "55a0c84d-32bb-4248-9064-9313f5d2a607",
      "title": "",
      "fullFile": "cypress\\e2e\\APITesting\\Authentication.cy.js",
      "file": "cypress\\e2e\\APITesting\\Authentication.cy.js",
      "beforeHooks": [],
      "afterHooks": [],
      "tests": [],
      "suites": [
        {
          "uuid": "85d7c5a3-d10e-461d-8e8c-b04bf7c7b886",
          "title": "Authentication",
          "fullFile": "",
          "file": "",
          "beforeHooks": [],
          "afterHooks": [],
          "tests": [
            {
              "title": "basic Authentication",
              "fullTitle": "Authentication basic Authentication",
              "timedOut": null,
              "duration": 594,
              "state": "passed",
              "speed": "fast",
              "pass": true,
              "fail": false,
              "pending": false,
              "context": null,
              "code": "cy.request({\n  method: 'GET',\n  url: 'https://postman-echo.com/basic-auth',\n  auth: {\n    user: 'postman',\n    pass: 'password'\n  }\n}).then(response => {\n  expect(response.status).to.eq(200);\n  expect(response.body.authenticated).to.eq(true);\n});",
              "err": {},
              "uuid": "a6786b9d-5063-4c98-b7b1-852a5ef56149",
              "parentUUID": "85d7c5a3-d10e-461d-8e8c-b04bf7c7b886",
              "isHook": false,
              "skipped": false
            },
            {
              "title": "Digest Authentication",
              "fullTitle": "Authentication Digest Authentication",
              "timedOut": null,
              "duration": 138,
              "state": "passed",
              "speed": "fast",
              "pass": true,
              "fail": false,
              "pending": false,
              "context": null,
              "code": "cy.request({\n  method: 'GET',\n  url: 'https://postman-echo.com/basic-auth',\n  auth: {\n    username: 'postman',\n    password: 'password',\n    method: 'degest'\n  }\n}).then(response => {\n  expect(response.status).to.eq(200);\n  expect(response.body.authenticated).to.eq(true);\n});",
              "err": {},
              "uuid": "678427d3-5281-4fc3-94f5-fbec5c0ff9bf",
              "parentUUID": "85d7c5a3-d10e-461d-8e8c-b04bf7c7b886",
              "isHook": false,
              "skipped": false
            },
            {
              "title": "BearerToken Auth",
              "fullTitle": "Authentication BearerToken Auth",
              "timedOut": null,
              "duration": 601,
              "state": "failed",
              "speed": null,
              "pass": false,
              "fail": true,
              "pending": false,
              "context": null,
              "code": "cy.request({\n  method: 'GET',\n  url: 'https://api.github.com/user/repos',\n  headers: {\n    Authorization: `Bearer ${Token}`\n  }\n}).then(response => {\n  expect(response.status).to.eq(200);\n});",
              "err": {
                "message": "CypressError: `cy.request()` failed on:\n\nhttps://api.github.com/user/repos\n\nThe response we received from your web server was:\n\n  > 401: Unauthorized\n\nThis was considered a failure because the status code was not `2xx` or `3xx`.\n\nIf you do not want status codes to cause failures pass the option: `failOnStatusCode: false`\n\n-----------------------------------------------------------\n\nThe request we sent was:\n\nMethod: GET\nURL: https://api.github.com/user/repos\nHeaders: {\n  \"Connection\": \"keep-alive\",\n  \"Authorization\": \"Bearer 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\",\n  \"user-agent\": \"Mozilla/5.0 (Windows NT 10.0; Win64; x64) AppleWebKit/537.36 (KHTML, like Gecko) Cypress/13.16.1 Chrome/118.0.5993.159 Electron/27.3.10 Safari/537.36\",\n  \"accept\": \"*/*\",\n  \"accept-encoding\": \"gzip, deflate\"\n}\n\n-----------------------------------------------------------\n\nThe response we got was:\n\nStatus: 401 - Unauthorized\nHeaders: {\n  \"date\": \"Thu, 12 Dec 2024 21:43:32 GMT\",\n  \"content-type\": \"application/json; charset=utf-8\",\n  \"content-length\": \"109\",\n  \"x-github-media-type\": \"github.v3; format=json\",\n  \"x-ratelimit-limit\": \"60\",\n  \"x-ratelimit-remaining\": \"59\",\n  \"x-ratelimit-reset\": \"1734043412\",\n  \"x-ratelimit-used\": \"1\",\n  \"x-ratelimit-resource\": \"core\",\n  \"access-control-expose-headers\": \"ETag, Link, Location, Retry-After, X-GitHub-OTP, X-RateLimit-Limit, X-RateLimit-Remaining, X-RateLimit-Used, X-RateLimit-Resource, X-RateLimit-Reset, X-OAuth-Scopes, X-Accepted-OAuth-Scopes, X-Poll-Interval, X-GitHub-Media-Type, X-GitHub-SSO, X-GitHub-Request-Id, Deprecation, Sunset\",\n  \"access-control-allow-origin\": \"*\",\n  \"strict-transport-security\": \"max-age=31536000; includeSubdomains; preload\",\n  \"x-frame-options\": \"deny\",\n  \"x-content-type-options\": \"nosniff\",\n  \"x-xss-protection\": \"0\",\n  \"referrer-policy\": \"origin-when-cross-origin, strict-origin-when-cross-origin\",\n  \"content-security-policy\": \"default-src 'none'\",\n  \"vary\": \"Accept-Encoding, Accept, X-Requested-With\",\n  \"server\": \"github.com\",\n  \"x-github-request-id\": \"97F9:105C4E:4CC4EC:4F5A42:675B5904\"\n}\nBody: {\n  \"message\": \"Bad credentials\",\n  \"documentation_url\": \"https://docs.github.com/rest\",\n  \"status\": \"401\"\n}\n\n\nhttps://on.cypress.io/request",
                "estack": "CypressError: `cy.request()` failed on:\n\nhttps://api.github.com/user/repos\n\nThe response we received from your web server was:\n\n  > 401: Unauthorized\n\nThis was considered a failure because the status code was not `2xx` or `3xx`.\n\nIf you do not want status codes to cause failures pass the option: `failOnStatusCode: false`\n\n-----------------------------------------------------------\n\nThe request we sent was:\n\nMethod: GET\nURL: https://api.github.com/user/repos\nHeaders: {\n  \"Connection\": \"keep-alive\",\n  \"Authorization\": \"Bearer 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\",\n  \"user-agent\": \"Mozilla/5.0 (Windows NT 10.0; Win64; x64) AppleWebKit/537.36 (KHTML, like Gecko) Cypress/13.16.1 Chrome/118.0.5993.159 Electron/27.3.10 Safari/537.36\",\n  \"accept\": \"*/*\",\n  \"accept-encoding\": \"gzip, deflate\"\n}\n\n-----------------------------------------------------------\n\nThe response we got was:\n\nStatus: 401 - Unauthorized\nHeaders: {\n  \"date\": \"Thu, 12 Dec 2024 21:43:32 GMT\",\n  \"content-type\": \"application/json; charset=utf-8\",\n  \"content-length\": \"109\",\n  \"x-github-media-type\": \"github.v3; format=json\",\n  \"x-ratelimit-limit\": \"60\",\n  \"x-ratelimit-remaining\": \"59\",\n  \"x-ratelimit-reset\": \"1734043412\",\n  \"x-ratelimit-used\": \"1\",\n  \"x-ratelimit-resource\": \"core\",\n  \"access-control-expose-headers\": \"ETag, Link, Location, Retry-After, X-GitHub-OTP, X-RateLimit-Limit, X-RateLimit-Remaining, X-RateLimit-Used, X-RateLimit-Resource, X-RateLimit-Reset, X-OAuth-Scopes, X-Accepted-OAuth-Scopes, X-Poll-Interval, X-GitHub-Media-Type, X-GitHub-SSO, X-GitHub-Request-Id, Deprecation, Sunset\",\n  \"access-control-allow-origin\": \"*\",\n  \"strict-transport-security\": \"max-age=31536000; includeSubdomains; preload\",\n  \"x-frame-options\": \"deny\",\n  \"x-content-type-options\": \"nosniff\",\n  \"x-xss-protection\": \"0\",\n  \"referrer-policy\": \"origin-when-cross-origin, strict-origin-when-cross-origin\",\n  \"content-security-policy\": \"default-src 'none'\",\n  \"vary\": \"Accept-Encoding, Accept, X-Requested-With\",\n  \"server\": \"github.com\",\n  \"x-github-request-id\": \"97F9:105C4E:4CC4EC:4F5A42:675B5904\"\n}\nBody: {\n  \"message\": \"Bad credentials\",\n  \"documentation_url\": \"https://docs.github.com/rest\",\n  \"status\": \"401\"\n}\n\n\nhttps://on.cypress.io/request\n    at <unknown> (http://localhost:51639/__cypress/runner/cypress_runner.js:132748:72)\n    at tryCatcher (http://localhost:51639/__cypress/runner/cypress_runner.js:1830:23)\n    at Promise._settlePromiseFromHandler (http://localhost:51639/__cypress/runner/cypress_runner.js:1542:31)\n    at Promise._settlePromise (http://localhost:51639/__cypress/runner/cypress_runner.js:1599:18)\n    at Promise._settlePromise0 (http://localhost:51639/__cypress/runner/cypress_runner.js:1644:10)\n    at Promise._settlePromises (http://localhost:51639/__cypress/runner/cypress_runner.js:1724:18)\n    at _drainQueueStep (http://localhost:51639/__cypress/runner/cypress_runner.js:2430:12)\n    at _drainQueue (http://localhost:51639/__cypress/runner/cypress_runner.js:2423:9)\n    at Async._drainQueues (http://localhost:51639/__cypress/runner/cypress_runner.js:2439:5)\n    at Async.drainQueues (http://localhost:51639/__cypress/runner/cypress_runner.js:2309:14)\nFrom Your Spec Code:\n    at Context.eval (webpack://cypressapi/./cypress/e2e/APITesting/Authentication.cy.js:40:3)",
                "diff": null
              },
              "uuid": "8a758037-11e5-4d68-a6c2-489fd2c464cb",
              "parentUUID": "85d7c5a3-d10e-461d-8e8c-b04bf7c7b886",
              "isHook": false,
              "skipped": false
            },
            {
              "title": "API key Auth",
              "fullTitle": "Authentication API key Auth",
              "timedOut": null,
              "duration": 445,
              "state": "failed",
              "speed": null,
              "pass": false,
              "fail": true,
              "pending": false,
              "context": null,
              "code": "cy.request({\n  method: 'GET',\n  url: 'api.openweathermap.org/data/2.5/forecast/daily?q=Delhi',\n  qs: {\n    appid: 'd22e5fb740ce5690058f0a3d9c4a735c' //API key and value\n  }\n}).then(response => {\n  expect(response.status).to.eq(200);\n});",
              "err": {
                "message": "CypressError: `cy.request()` failed on:\n\nhttp://api.openweathermap.org/data/2.5/forecast/daily?q=Delhi&appid=d22e5fb740ce5690058f0a3d9c4a735c\n\nThe response we received from your web server was:\n\n  > 401: Unauthorized\n\nThis was considered a failure because the status code was not `2xx` or `3xx`.\n\nIf you do not want status codes to cause failures pass the option: `failOnStatusCode: false`\n\n-----------------------------------------------------------\n\nThe request we sent was:\n\nMethod: GET\nURL: http://api.openweathermap.org/data/2.5/forecast/daily?q=Delhi&appid=d22e5fb740ce5690058f0a3d9c4a735c\nHeaders: {\n  \"Connection\": \"keep-alive\",\n  \"user-agent\": \"Mozilla/5.0 (Windows NT 10.0; Win64; x64) AppleWebKit/537.36 (KHTML, like Gecko) Cypress/13.16.1 Chrome/118.0.5993.159 Electron/27.3.10 Safari/537.36\",\n  \"accept\": \"*/*\",\n  \"accept-encoding\": \"gzip, deflate\"\n}\n\n-----------------------------------------------------------\n\nThe response we got was:\n\nStatus: 401 - Unauthorized\nHeaders: {\n  \"server\": \"openresty\",\n  \"date\": \"Thu, 12 Dec 2024 21:43:32 GMT\",\n  \"content-type\": \"application/json; charset=utf-8\",\n  \"content-length\": \"108\",\n  \"connection\": \"keep-alive\",\n  \"x-cache-key\": \"/data/2.5/forecast/daily?q=delhi\",\n  \"access-control-allow-origin\": \"*\",\n  \"access-control-allow-credentials\": \"true\",\n  \"access-control-allow-methods\": \"GET, POST\"\n}\nBody: {\n  \"cod\": 401,\n  \"message\": \"Invalid API key. Please see https://openweathermap.org/faq#error401 for more info.\"\n}\n\n\nhttps://on.cypress.io/request",
                "estack": "CypressError: `cy.request()` failed on:\n\nhttp://api.openweathermap.org/data/2.5/forecast/daily?q=Delhi&appid=d22e5fb740ce5690058f0a3d9c4a735c\n\nThe response we received from your web server was:\n\n  > 401: Unauthorized\n\nThis was considered a failure because the status code was not `2xx` or `3xx`.\n\nIf you do not want status codes to cause failures pass the option: `failOnStatusCode: false`\n\n-----------------------------------------------------------\n\nThe request we sent was:\n\nMethod: GET\nURL: http://api.openweathermap.org/data/2.5/forecast/daily?q=Delhi&appid=d22e5fb740ce5690058f0a3d9c4a735c\nHeaders: {\n  \"Connection\": \"keep-alive\",\n  \"user-agent\": \"Mozilla/5.0 (Windows NT 10.0; Win64; x64) AppleWebKit/537.36 (KHTML, like Gecko) Cypress/13.16.1 Chrome/118.0.5993.159 Electron/27.3.10 Safari/537.36\",\n  \"accept\": \"*/*\",\n  \"accept-encoding\": \"gzip, deflate\"\n}\n\n-----------------------------------------------------------\n\nThe response we got was:\n\nStatus: 401 - Unauthorized\nHeaders: {\n  \"server\": \"openresty\",\n  \"date\": \"Thu, 12 Dec 2024 21:43:32 GMT\",\n  \"content-type\": \"application/json; charset=utf-8\",\n  \"content-length\": \"108\",\n  \"connection\": \"keep-alive\",\n  \"x-cache-key\": \"/data/2.5/forecast/daily?q=delhi\",\n  \"access-control-allow-origin\": \"*\",\n  \"access-control-allow-credentials\": \"true\",\n  \"access-control-allow-methods\": \"GET, POST\"\n}\nBody: {\n  \"cod\": 401,\n  \"message\": \"Invalid API key. Please see https://openweathermap.org/faq#error401 for more info.\"\n}\n\n\nhttps://on.cypress.io/request\n    at <unknown> (http://localhost:51639/__cypress/runner/cypress_runner.js:132748:72)\n    at tryCatcher (http://localhost:51639/__cypress/runner/cypress_runner.js:1830:23)\n    at Promise._settlePromiseFromHandler (http://localhost:51639/__cypress/runner/cypress_runner.js:1542:31)\n    at Promise._settlePromise (http://localhost:51639/__cypress/runner/cypress_runner.js:1599:18)\n    at Promise._settlePromise0 (http://localhost:51639/__cypress/runner/cypress_runner.js:1644:10)\n    at Promise._settlePromises (http://localhost:51639/__cypress/runner/cypress_runner.js:1724:18)\n    at _drainQueueStep (http://localhost:51639/__cypress/runner/cypress_runner.js:2430:12)\n    at _drainQueue (http://localhost:51639/__cypress/runner/cypress_runner.js:2423:9)\n    at Async._drainQueues (http://localhost:51639/__cypress/runner/cypress_runner.js:2439:5)\n    at Async.drainQueues (http://localhost:51639/__cypress/runner/cypress_runner.js:2309:14)\nFrom Your Spec Code:\n    at Context.eval (webpack://cypressapi/./cypress/e2e/APITesting/Authentication.cy.js:51:7)",
                "diff": null
              },
              "uuid": "9f866c09-d03c-4068-b0ab-3bb6afbd30f3",
              "parentUUID": "85d7c5a3-d10e-461d-8e8c-b04bf7c7b886",
              "isHook": false,
              "skipped": false
            }
          ],
          "suites": [],
          "passes": [
            "a6786b9d-5063-4c98-b7b1-852a5ef56149",
            "678427d3-5281-4fc3-94f5-fbec5c0ff9bf"
          ],
          "failures": [
            "8a758037-11e5-4d68-a6c2-489fd2c464cb",
            "9f866c09-d03c-4068-b0ab-3bb6afbd30f3"
          ],
          "pending": [],
          "skipped": [],
          "duration": 1778,
          "root": false,
          "rootEmpty": false,
          "_timeout": 2000
        }
      ],
      "passes": [],
      "failures": [],
      "pending": [],
      "skipped": [],
      "duration": 0,
      "root": true,
      "rootEmpty": true,
      "_timeout": 2000
    }
  ],
  "meta": {
    "mocha": {
      "version": "7.0.1"
    },
    "mochawesome": {
      "options": {
        "quiet": false,
        "reportFilename": "mochawesome",
        "saveHtml": true,
        "saveJson": true,
        "consoleReporter": "spec",
        "useInlineDiffs": false,
        "code": true
      },
      "version": "7.1.3"
    },
    "marge": {
      "options": {
        "reportDir": "cypress/reports",
        "overwrite": false,
        "html": true,
        "json": true
      },
      "version": "6.2.0"
    }
  }
}