{
  "stats": {
    "suites": 1,
    "tests": 2,
    "passes": 2,
    "pending": 0,
    "failures": 0,
    "start": "2024-12-12T22:18:36.405Z",
    "end": "2024-12-12T22:18:37.203Z",
    "duration": 798,
    "testsRegistered": 2,
    "passPercent": 100,
    "pendingPercent": 0,
    "other": 0,
    "hasOther": false,
    "skipped": 0,
    "hasSkipped": false
  },
  "results": [
    {
      "uuid": "a070c077-6e1a-4e35-814d-9d42646e7ff9",
      "title": "",
      "fullFile": "cypress\\e2e\\APITesting\\Authentication.cy.js",
      "file": "cypress\\e2e\\APITesting\\Authentication.cy.js",
      "beforeHooks": [],
      "afterHooks": [],
      "tests": [],
      "suites": [
        {
          "uuid": "9c3576bb-9554-4576-9e72-9ff32dd34e60",
          "title": "Authentication",
          "fullFile": "",
          "file": "",
          "beforeHooks": [],
          "afterHooks": [],
          "tests": [
            {
              "title": "basic Authentication",
              "fullTitle": "Authentication basic Authentication",
              "timedOut": null,
              "duration": 614,
              "state": "passed",
              "speed": "fast",
              "pass": true,
              "fail": false,
              "pending": false,
              "context": null,
              "code": "cy.request({\n  method: 'GET',\n  url: 'https://postman-echo.com/basic-auth',\n  auth: {\n    user: 'postman',\n    pass: 'password'\n  }\n}).then(response => {\n  expect(response.status).to.eq(200);\n  expect(response.body.authenticated).to.eq(true);\n});",
              "err": {},
              "uuid": "69631164-692d-4831-873b-8955a2cf4851",
              "parentUUID": "9c3576bb-9554-4576-9e72-9ff32dd34e60",
              "isHook": false,
              "skipped": false
            },
            {
              "title": "Digest Authentication",
              "fullTitle": "Authentication Digest Authentication",
              "timedOut": null,
              "duration": 124,
              "state": "passed",
              "speed": "fast",
              "pass": true,
              "fail": false,
              "pending": false,
              "context": null,
              "code": "cy.request({\n  method: 'GET',\n  url: 'https://postman-echo.com/basic-auth',\n  auth: {\n    username: 'postman',\n    password: 'password',\n    method: 'degest'\n  }\n}).then(response => {\n  expect(response.status).to.eq(200);\n  expect(response.body.authenticated).to.eq(true);\n});",
              "err": {},
              "uuid": "427cfd7b-c451-4ec6-b77f-2401c3747e85",
              "parentUUID": "9c3576bb-9554-4576-9e72-9ff32dd34e60",
              "isHook": false,
              "skipped": false
            }
          ],
          "suites": [],
          "passes": [
            "69631164-692d-4831-873b-8955a2cf4851",
            "427cfd7b-c451-4ec6-b77f-2401c3747e85"
          ],
          "failures": [],
          "pending": [],
          "skipped": [],
          "duration": 738,
          "root": false,
          "rootEmpty": false,
          "_timeout": 2000
        }
      ],
      "passes": [],
      "failures": [],
      "pending": [],
      "skipped": [],
      "duration": 0,
      "root": true,
      "rootEmpty": true,
      "_timeout": 2000
    }
  ],
  "meta": {
    "mocha": {
      "version": "7.0.1"
    },
    "mochawesome": {
      "options": {
        "quiet": false,
        "reportFilename": "mochawesome",
        "saveHtml": true,
        "saveJson": true,
        "consoleReporter": "spec",
        "useInlineDiffs": false,
        "code": true
      },
      "version": "7.1.3"
    },
    "marge": {
      "options": {
        "reportDir": "cypress/reports",
        "overwrite": false,
        "html": true,
        "json": true
      },
      "version": "6.2.0"
    }
  }
}