{
  "stats": {
    "suites": 1,
    "tests": 1,
    "passes": 1,
    "pending": 0,
    "failures": 0,
    "start": "2024-12-10T19:04:05.740Z",
    "end": "2024-12-10T19:04:06.394Z",
    "duration": 654,
    "testsRegistered": 1,
    "passPercent": 100,
    "pendingPercent": 0,
    "other": 0,
    "hasOther": false,
    "skipped": 0,
    "hasSkipped": false
  },
  "results": [
    {
      "uuid": "ab185006-2bff-464a-b10b-afeca890e534",
      "title": "",
      "fullFile": "cypress\\e2e\\APITesting\\ParsingXMLResponse.cy.js",
      "file": "cypress\\e2e\\APITesting\\ParsingXMLResponse.cy.js",
      "beforeHooks": [],
      "afterHooks": [],
      "tests": [],
      "suites": [
        {
          "uuid": "983c1d79-fdfa-4f7f-a543-5ca5be44db49",
          "title": "XML Parsing",
          "fullFile": "",
          "file": "",
          "beforeHooks": [],
          "afterHooks": [],
          "tests": [
            {
              "title": "Fetching Pet data-parsing xml response",
              "fullTitle": "XML Parsing Fetching Pet data-parsing xml response",
              "timedOut": null,
              "duration": 622,
              "state": "passed",
              "speed": "fast",
              "pass": true,
              "fail": false,
              "pending": false,
              "context": null,
              "code": "cy.request({\n  method: 'GET',\n  url: 'https://petstore.swagger.io/v2/pet/' + petid,\n  headers: {\n    'accept': 'application/xml'\n  }\n}).then(response => {\n  expect(response.status).to.eq(200);\n  parser.parseString(response.body, (err, result) => {\n    expect(result.Pet.id).to.eq(petid);\n    expect(result.Pet.name).to.eq(\"Jimmy\");\n  });\n});",
              "err": {},
              "uuid": "7f33bf8f-cee3-4d6e-b127-d51ca466098a",
              "parentUUID": "983c1d79-fdfa-4f7f-a543-5ca5be44db49",
              "isHook": false,
              "skipped": false
            }
          ],
          "suites": [],
          "passes": [
            "7f33bf8f-cee3-4d6e-b127-d51ca466098a"
          ],
          "failures": [],
          "pending": [],
          "skipped": [],
          "duration": 622,
          "root": false,
          "rootEmpty": false,
          "_timeout": 2000
        }
      ],
      "passes": [],
      "failures": [],
      "pending": [],
      "skipped": [],
      "duration": 0,
      "root": true,
      "rootEmpty": true,
      "_timeout": 2000
    }
  ],
  "meta": {
    "mocha": {
      "version": "7.0.1"
    },
    "mochawesome": {
      "options": {
        "quiet": false,
        "reportFilename": "mochawesome",
        "saveHtml": true,
        "saveJson": true,
        "consoleReporter": "spec",
        "useInlineDiffs": false,
        "code": true
      },
      "version": "7.1.3"
    },
    "marge": {
      "options": {
        "reportDir": "cypress/reports",
        "overwrite": false,
        "html": true,
        "json": true
      },
      "version": "6.2.0"
    }
  }
}