{
  "stats": {
    "suites": 1,
    "tests": 1,
    "passes": 1,
    "pending": 0,
    "failures": 0,
    "start": "2024-12-12T22:18:52.599Z",
    "end": "2024-12-12T22:18:52.770Z",
    "duration": 171,
    "testsRegistered": 1,
    "passPercent": 100,
    "pendingPercent": 0,
    "other": 0,
    "hasOther": false,
    "skipped": 0,
    "hasSkipped": false
  },
  "results": [
    {
      "uuid": "30559ec8-5cf8-413f-8a95-9a0c2e908df3",
      "title": "",
      "fullFile": "cypress\\e2e\\APITesting\\ParsingJsonresponse.cy.js",
      "file": "cypress\\e2e\\APITesting\\ParsingJsonresponse.cy.js",
      "beforeHooks": [],
      "afterHooks": [],
      "tests": [],
      "suites": [
        {
          "uuid": "e7ca29db-b1fb-4a65-8eda-a23e3e86c7b7",
          "title": "Parsing JSON Responee",
          "fullFile": "",
          "file": "",
          "beforeHooks": [],
          "afterHooks": [],
          "tests": [
            {
              "title": "Parsing complex Json response",
              "fullTitle": "Parsing JSON Responee Parsing complex Json response",
              "timedOut": null,
              "duration": 131,
              "state": "passed",
              "speed": "fast",
              "pass": true,
              "fail": false,
              "pending": false,
              "context": null,
              "code": "let totalprice = 0;\ncy.request({\n  method: 'GET',\n  url: 'https://fakestoreapi.com/products',\n  qs: {\n    limit: 3\n  }\n}).then(response => {\n  expect(response.status).to.eql(200);\n  response.body.forEach(element => {\n    totalprice = totalprice + element.price;\n  });\n  // expect(totalprice).to.eql(899.23) // limit 5 \n  expect(totalprice).to.eql(188.24); // limit 3 \n});",
              "err": {},
              "uuid": "9afcd539-bb07-423d-8b28-0ddbc10ded21",
              "parentUUID": "e7ca29db-b1fb-4a65-8eda-a23e3e86c7b7",
              "isHook": false,
              "skipped": false
            }
          ],
          "suites": [],
          "passes": [
            "9afcd539-bb07-423d-8b28-0ddbc10ded21"
          ],
          "failures": [],
          "pending": [],
          "skipped": [],
          "duration": 131,
          "root": false,
          "rootEmpty": false,
          "_timeout": 2000
        }
      ],
      "passes": [],
      "failures": [],
      "pending": [],
      "skipped": [],
      "duration": 0,
      "root": true,
      "rootEmpty": true,
      "_timeout": 2000
    }
  ],
  "meta": {
    "mocha": {
      "version": "7.0.1"
    },
    "mochawesome": {
      "options": {
        "quiet": false,
        "reportFilename": "mochawesome",
        "saveHtml": true,
        "saveJson": true,
        "consoleReporter": "spec",
        "useInlineDiffs": false,
        "code": true
      },
      "version": "7.1.3"
    },
    "marge": {
      "options": {
        "reportDir": "cypress/reports",
        "overwrite": false,
        "html": true,
        "json": true
      },
      "version": "6.2.0"
    }
  }
}