{
  "stats": {
    "suites": 1,
    "tests": 4,
    "passes": 4,
    "pending": 0,
    "failures": 0,
    "start": "2024-12-10T19:15:44.871Z",
    "end": "2024-12-10T19:15:45.903Z",
    "duration": 1032,
    "testsRegistered": 4,
    "passPercent": 100,
    "pendingPercent": 0,
    "other": 0,
    "hasOther": false,
    "skipped": 0,
    "hasSkipped": false
  },
  "results": [
    {
      "uuid": "013acc09-7fbe-41d2-b615-133d7541c4a3",
      "title": "",
      "fullFile": "cypress\\e2e\\APITesting\\HTTPRequest.cy.js",
      "file": "cypress\\e2e\\APITesting\\HTTPRequest.cy.js",
      "beforeHooks": [],
      "afterHooks": [],
      "tests": [],
      "suites": [
        {
          "uuid": "890063af-6a32-4dc2-b5ae-e74f55a2d90e",
          "title": "HTTP Requests",
          "fullFile": "",
          "file": "",
          "beforeHooks": [],
          "afterHooks": [],
          "tests": [
            {
              "title": "Get Call",
              "fullTitle": "HTTP Requests Get Call",
              "timedOut": null,
              "duration": 115,
              "state": "passed",
              "speed": "fast",
              "pass": true,
              "fail": false,
              "pending": false,
              "context": null,
              "code": "cy.request('GET', 'https://jsonplaceholder.typicode.com/posts/1').its('status').should('equal', 200);",
              "err": {},
              "uuid": "f6bf50b5-4fcc-4d42-8f70-955329ba0bdf",
              "parentUUID": "890063af-6a32-4dc2-b5ae-e74f55a2d90e",
              "isHook": false,
              "skipped": false
            },
            {
              "title": "Post Call",
              "fullTitle": "HTTP Requests Post Call",
              "timedOut": null,
              "duration": 336,
              "state": "passed",
              "speed": "fast",
              "pass": true,
              "fail": false,
              "pending": false,
              "context": null,
              "code": "cy.request({\n  method: 'POSt',\n  url: 'https://jsonplaceholder.typicode.com/posts',\n  body: {\n    title: 'Test post',\n    body: 'This is post call',\n    userId: 1\n  }\n}).its('status').should('equal', 201);",
              "err": {},
              "uuid": "919093f9-1484-40c8-af64-8f6385a381e1",
              "parentUUID": "890063af-6a32-4dc2-b5ae-e74f55a2d90e",
              "isHook": false,
              "skipped": false
            },
            {
              "title": "Put Call",
              "fullTitle": "HTTP Requests Put Call",
              "timedOut": null,
              "duration": 329,
              "state": "passed",
              "speed": "fast",
              "pass": true,
              "fail": false,
              "pending": false,
              "context": null,
              "code": "cy.request({\n  method: 'PUT',\n  url: 'https://jsonplaceholder.typicode.com/posts/1',\n  body: {\n    title: 'Test put',\n    body: 'This is put call',\n    userId: 1,\n    id: 1\n  }\n}).its('status').should('equal', 200);",
              "err": {},
              "uuid": "76c4519a-9317-4b6c-8f05-212f271420d7",
              "parentUUID": "890063af-6a32-4dc2-b5ae-e74f55a2d90e",
              "isHook": false,
              "skipped": false
            },
            {
              "title": "Delete Call",
              "fullTitle": "HTTP Requests Delete Call",
              "timedOut": null,
              "duration": 133,
              "state": "passed",
              "speed": "fast",
              "pass": true,
              "fail": false,
              "pending": false,
              "context": null,
              "code": "cy.request({\n  method: 'DELETE',\n  url: 'https://jsonplaceholder.typicode.com/posts/1'\n}).its('status').should('equal', 200);",
              "err": {},
              "uuid": "bdd53b28-cede-457a-af2b-467db783c5fb",
              "parentUUID": "890063af-6a32-4dc2-b5ae-e74f55a2d90e",
              "isHook": false,
              "skipped": false
            }
          ],
          "suites": [],
          "passes": [
            "f6bf50b5-4fcc-4d42-8f70-955329ba0bdf",
            "919093f9-1484-40c8-af64-8f6385a381e1",
            "76c4519a-9317-4b6c-8f05-212f271420d7",
            "bdd53b28-cede-457a-af2b-467db783c5fb"
          ],
          "failures": [],
          "pending": [],
          "skipped": [],
          "duration": 913,
          "root": false,
          "rootEmpty": false,
          "_timeout": 2000
        }
      ],
      "passes": [],
      "failures": [],
      "pending": [],
      "skipped": [],
      "duration": 0,
      "root": true,
      "rootEmpty": true,
      "_timeout": 2000
    }
  ],
  "meta": {
    "mocha": {
      "version": "7.0.1"
    },
    "mochawesome": {
      "options": {
        "quiet": false,
        "reportFilename": "mochawesome",
        "saveHtml": true,
        "saveJson": true,
        "consoleReporter": "spec",
        "useInlineDiffs": false,
        "code": true
      },
      "version": "7.1.3"
    },
    "marge": {
      "options": {
        "reportDir": "cypress/reports",
        "overwrite": false,
        "html": true,
        "json": true
      },
      "version": "6.2.0"
    }
  }
}