{
  "stats": {
    "suites": 1,
    "tests": 1,
    "passes": 1,
    "pending": 0,
    "failures": 0,
    "start": "2024-12-12T22:31:16.449Z",
    "end": "2024-12-12T22:31:17.074Z",
    "duration": 625,
    "testsRegistered": 1,
    "passPercent": 100,
    "pendingPercent": 0,
    "other": 0,
    "hasOther": false,
    "skipped": 0,
    "hasSkipped": false
  },
  "results": [
    {
      "uuid": "06f0034c-4327-41e6-bd0d-e3c26872f043",
      "title": "",
      "fullFile": "cypress\\e2e\\APITesting\\ParsingXMLResponse.cy.js",
      "file": "cypress\\e2e\\APITesting\\ParsingXMLResponse.cy.js",
      "beforeHooks": [],
      "afterHooks": [],
      "tests": [],
      "suites": [
        {
          "uuid": "354ea2ba-6447-4710-85c4-aedb8d1f1010",
          "title": "XML Parsing",
          "fullFile": "",
          "file": "",
          "beforeHooks": [],
          "afterHooks": [],
          "tests": [
            {
              "title": "Fetching Pet data-parsing xml response",
              "fullTitle": "XML Parsing Fetching Pet data-parsing xml response",
              "timedOut": null,
              "duration": 598,
              "state": "passed",
              "speed": "fast",
              "pass": true,
              "fail": false,
              "pending": false,
              "context": null,
              "code": "cy.request({\n  method: 'GET',\n  url: 'https://petstore.swagger.io/v2/pet/' + petid,\n  headers: {\n    'accept': 'application/xml'\n  }\n}).then(response => {\n  expect(response.status).to.eq(200);\n  parser.parseString(response.body, (err, result) => {\n    expect(result.Pet.id).to.eq(petid);\n    expect(result.Pet.name).to.eq(\"Jimmy\");\n  });\n});",
              "err": {},
              "uuid": "1008884d-96a2-4f01-bc66-62c3fd70346c",
              "parentUUID": "354ea2ba-6447-4710-85c4-aedb8d1f1010",
              "isHook": false,
              "skipped": false
            }
          ],
          "suites": [],
          "passes": [
            "1008884d-96a2-4f01-bc66-62c3fd70346c"
          ],
          "failures": [],
          "pending": [],
          "skipped": [],
          "duration": 598,
          "root": false,
          "rootEmpty": false,
          "_timeout": 2000
        }
      ],
      "passes": [],
      "failures": [],
      "pending": [],
      "skipped": [],
      "duration": 0,
      "root": true,
      "rootEmpty": true,
      "_timeout": 2000
    }
  ],
  "meta": {
    "mocha": {
      "version": "7.0.1"
    },
    "mochawesome": {
      "options": {
        "quiet": false,
        "reportFilename": "mochawesome",
        "saveHtml": true,
        "saveJson": true,
        "consoleReporter": "spec",
        "useInlineDiffs": false,
        "code": true
      },
      "version": "7.1.3"
    },
    "marge": {
      "options": {
        "reportDir": "cypress/reports",
        "overwrite": false,
        "html": true,
        "json": true
      },
      "version": "6.2.0"
    }
  }
}