{
  "stats": {
    "suites": 1,
    "tests": 1,
    "passes": 1,
    "pending": 0,
    "failures": 0,
    "start": "2024-12-10T19:06:26.658Z",
    "end": "2024-12-10T19:06:27.285Z",
    "duration": 627,
    "testsRegistered": 1,
    "passPercent": 100,
    "pendingPercent": 0,
    "other": 0,
    "hasOther": false,
    "skipped": 0,
    "hasSkipped": false
  },
  "results": [
    {
      "uuid": "acb8c68c-0126-4706-9449-7cd4f9b6d6c0",
      "title": "",
      "fullFile": "cypress\\e2e\\APITesting\\ParsingXMLResponse.cy.js",
      "file": "cypress\\e2e\\APITesting\\ParsingXMLResponse.cy.js",
      "beforeHooks": [],
      "afterHooks": [],
      "tests": [],
      "suites": [
        {
          "uuid": "bad27404-f3db-4d70-bcee-859781e5e103",
          "title": "XML Parsing",
          "fullFile": "",
          "file": "",
          "beforeHooks": [],
          "afterHooks": [],
          "tests": [
            {
              "title": "Fetching Pet data-parsing xml response",
              "fullTitle": "XML Parsing Fetching Pet data-parsing xml response",
              "timedOut": null,
              "duration": 604,
              "state": "passed",
              "speed": "fast",
              "pass": true,
              "fail": false,
              "pending": false,
              "context": null,
              "code": "cy.request({\n  method: 'GET',\n  url: 'https://petstore.swagger.io/v2/pet/' + petid,\n  headers: {\n    'accept': 'application/xml'\n  }\n}).then(response => {\n  expect(response.status).to.eq(200);\n  parser.parseString(response.body, (err, result) => {\n    expect(result.Pet.id).to.eq(petid);\n    expect(result.Pet.name).to.eq(\"Jimmy\");\n  });\n});",
              "err": {},
              "uuid": "3d5405e1-488b-4565-b3d8-a6220c5bc341",
              "parentUUID": "bad27404-f3db-4d70-bcee-859781e5e103",
              "isHook": false,
              "skipped": false
            }
          ],
          "suites": [],
          "passes": [
            "3d5405e1-488b-4565-b3d8-a6220c5bc341"
          ],
          "failures": [],
          "pending": [],
          "skipped": [],
          "duration": 604,
          "root": false,
          "rootEmpty": false,
          "_timeout": 2000
        }
      ],
      "passes": [],
      "failures": [],
      "pending": [],
      "skipped": [],
      "duration": 0,
      "root": true,
      "rootEmpty": true,
      "_timeout": 2000
    }
  ],
  "meta": {
    "mocha": {
      "version": "7.0.1"
    },
    "mochawesome": {
      "options": {
        "quiet": false,
        "reportFilename": "mochawesome",
        "saveHtml": true,
        "saveJson": true,
        "consoleReporter": "spec",
        "useInlineDiffs": false,
        "code": true
      },
      "version": "7.1.3"
    },
    "marge": {
      "options": {
        "reportDir": "cypress/reports",
        "overwrite": false,
        "html": true,
        "json": true
      },
      "version": "6.2.0"
    }
  }
}