{
  "stats": {
    "suites": 1,
    "tests": 3,
    "passes": 3,
    "pending": 0,
    "failures": 0,
    "start": "2024-12-10T19:30:33.321Z",
    "end": "2024-12-10T19:30:34.670Z",
    "duration": 1349,
    "testsRegistered": 3,
    "passPercent": 100,
    "pendingPercent": 0,
    "other": 0,
    "hasOther": false,
    "skipped": 0,
    "hasSkipped": false
  },
  "results": [
    {
      "uuid": "805859ec-0292-4fb1-a51d-1e4285b94f1a",
      "title": "",
      "fullFile": "cypress\\e2e\\APITesting\\Authentication.cy.js",
      "file": "cypress\\e2e\\APITesting\\Authentication.cy.js",
      "beforeHooks": [],
      "afterHooks": [],
      "tests": [],
      "suites": [
        {
          "uuid": "361816c2-e363-4371-a97d-53e4eec7560a",
          "title": "Authentication",
          "fullFile": "",
          "file": "",
          "beforeHooks": [],
          "afterHooks": [],
          "tests": [
            {
              "title": "basic Authentication",
              "fullTitle": "Authentication basic Authentication",
              "timedOut": null,
              "duration": 573,
              "state": "passed",
              "speed": "fast",
              "pass": true,
              "fail": false,
              "pending": false,
              "context": null,
              "code": "cy.request({\n  method: 'GET',\n  url: 'https://postman-echo.com/basic-auth',\n  auth: {\n    user: 'postman',\n    pass: 'password'\n  }\n}).then(response => {\n  expect(response.status).to.eq(200);\n  expect(response.body.authenticated).to.eq(true);\n});",
              "err": {},
              "uuid": "82615ad7-c4a3-4429-a4e3-07cc4e2b2056",
              "parentUUID": "361816c2-e363-4371-a97d-53e4eec7560a",
              "isHook": false,
              "skipped": false
            },
            {
              "title": "Digest Authentication",
              "fullTitle": "Authentication Digest Authentication",
              "timedOut": null,
              "duration": 131,
              "state": "passed",
              "speed": "fast",
              "pass": true,
              "fail": false,
              "pending": false,
              "context": null,
              "code": "cy.request({\n  method: 'GET',\n  url: 'https://postman-echo.com/basic-auth',\n  auth: {\n    username: 'postman',\n    password: 'password',\n    method: 'degest'\n  }\n}).then(response => {\n  expect(response.status).to.eq(200);\n  expect(response.body.authenticated).to.eq(true);\n});",
              "err": {},
              "uuid": "b1566de1-fb23-4a3b-a826-a1523a1d478c",
              "parentUUID": "361816c2-e363-4371-a97d-53e4eec7560a",
              "isHook": false,
              "skipped": false
            },
            {
              "title": "BearerToken Auth",
              "fullTitle": "Authentication BearerToken Auth",
              "timedOut": null,
              "duration": 558,
              "state": "passed",
              "speed": "fast",
              "pass": true,
              "fail": false,
              "pending": false,
              "context": null,
              "code": "cy.request({\n  method: 'GET',\n  url: 'https://api.github.com/user/repos',\n  headers: {\n    Authorization: `Bearer ${Token}`\n  }\n}).then(response => {\n  expect(response.status).to.eq(200);\n});",
              "err": {},
              "uuid": "c21feb4f-1ca7-488a-8a4d-7d6b90ff54a0",
              "parentUUID": "361816c2-e363-4371-a97d-53e4eec7560a",
              "isHook": false,
              "skipped": false
            }
          ],
          "suites": [],
          "passes": [
            "82615ad7-c4a3-4429-a4e3-07cc4e2b2056",
            "b1566de1-fb23-4a3b-a826-a1523a1d478c",
            "c21feb4f-1ca7-488a-8a4d-7d6b90ff54a0"
          ],
          "failures": [],
          "pending": [],
          "skipped": [],
          "duration": 1262,
          "root": false,
          "rootEmpty": false,
          "_timeout": 2000
        }
      ],
      "passes": [],
      "failures": [],
      "pending": [],
      "skipped": [],
      "duration": 0,
      "root": true,
      "rootEmpty": true,
      "_timeout": 2000
    }
  ],
  "meta": {
    "mocha": {
      "version": "7.0.1"
    },
    "mochawesome": {
      "options": {
        "quiet": false,
        "reportFilename": "mochawesome",
        "saveHtml": true,
        "saveJson": true,
        "consoleReporter": "spec",
        "useInlineDiffs": false,
        "code": true
      },
      "version": "7.1.3"
    },
    "marge": {
      "options": {
        "reportDir": "cypress/reports",
        "overwrite": false,
        "html": true,
        "json": true
      },
      "version": "6.2.0"
    }
  }
}